<?xml version="1.0" encoding="UTF-8"?>
<!-- Generated by org.testng.reporters.JUnitReportReporter -->
<testsuite hostname="Durgaprasad" failures="0" tests="1" name="log4jfinish.ohrmimageupload_2" time="8.182" errors="0" timestamp="2023-08-23T16:43:01 IST" skipped="0">
  <testcase classname="log4jfinish.ohrmimageupload_2" name="addEmployee" time="8.182"/>
  <system-out/>
</testsuite> <!-- log4jfinish.ohrmimageupload_2 -->
