<?xml version="1.0" encoding="UTF-8"?>
<!-- Generated by org.testng.reporters.JUnitReportReporter -->
<testsuite hostname="Durgaprasad" failures="0" tests="1" name="OHRMApplicationImageUpload.ohrmimageupload_2" time="7.464" errors="0" timestamp="2023-10-11T10:45:19 IST" skipped="0">
  <testcase classname="OHRMApplicationImageUpload.ohrmimageupload_2" name="addEmployee" time="7.464"/>
  <system-out/>
</testsuite> <!-- OHRMApplicationImageUpload.ohrmimageupload_2 -->
