<?xml version="1.0" encoding="UTF-8"?>
<!-- Generated by org.testng.reporters.JUnitReportReporter -->
<testsuite hostname="Durgaprasad" failures="0" tests="1" name="log4jfinish.OrangehrmApplication" time="6.587" errors="0" timestamp="2023-10-11T10:47:06 IST" skipped="0">
  <testcase classname="log4jfinish.OrangehrmApplication" name="Application" time="6.587"/>
  <system-out/>
</testsuite> <!-- log4jfinish.OrangehrmApplication -->
